<?xml version="1.0" encoding="UTF-8"?>
<!-- Generated by org.testng.reporters.JUnitReportReporter -->
<testsuite hostname="DESKTOP-0NJMRIR" name="com.automation.selenium.mouseActions.Example0" tests="1" failures="0" timestamp="15 Jul 2018 10:38:19 GMT" time="23.885" errors="0">
  <testcase name="clickMethod" time="23.885" classname="com.automation.selenium.mouseActions.Example0"/>
</testsuite> <!-- com.automation.selenium.mouseActions.Example0 -->
