<?xml version="1.0" encoding="UTF-8"?>
<!-- Generated by org.testng.reporters.JUnitReportReporter -->
<testsuite hostname="DESKTOP-0NJMRIR" name="com.automation.selenium.checkBox.Example1" tests="1" failures="0" timestamp="18 Jul 2018 17:56:34 GMT" time="18.460" errors="0">
  <testcase name="testMethod" time="18.460" classname="com.automation.selenium.checkBox.Example1"/>
</testsuite> <!-- com.automation.selenium.checkBox.Example1 -->
