<?xml version="1.0" encoding="UTF-8"?>
<!-- Generated by org.testng.reporters.JUnitReportReporter -->
<testsuite hostname="DESKTOP-0NJMRIR" name="com.automation.selenium.frames.Example1" tests="1" failures="0" timestamp="20 Jul 2018 08:45:06 GMT" time="38.038" errors="0">
  <testcase name="test" time="38.038" classname="com.automation.selenium.frames.Example1"/>
</testsuite> <!-- com.automation.selenium.frames.Example1 -->
