<?xml version="1.0" encoding="UTF-8"?>
<!-- Generated by org.testng.reporters.JUnitReportReporter -->
<testsuite hostname="DESKTOP-0NJMRIR" name="com.automation.selenium.checkBox.Example3" tests="1" failures="0" timestamp="18 Jul 2018 17:59:28 GMT" time="17.968" errors="0">
  <testcase name="testMethod" time="17.968" classname="com.automation.selenium.checkBox.Example3"/>
</testsuite> <!-- com.automation.selenium.checkBox.Example3 -->
