<?xml version="1.0" encoding="UTF-8"?>
<!-- Generated by org.testng.reporters.JUnitReportReporter -->
<testsuite hostname="DESKTOP-0NJMRIR" name="com.automation.selenium.checkBox.Example2" tests="1" failures="0" timestamp="18 Jul 2018 17:57:57 GMT" time="15.305" errors="0">
  <testcase name="testMethod" time="15.305" classname="com.automation.selenium.checkBox.Example2"/>
</testsuite> <!-- com.automation.selenium.checkBox.Example2 -->
