<?xml version="1.0" encoding="UTF-8"?>
<!-- Generated by org.testng.reporters.JUnitReportReporter -->
<testsuite hostname="DESKTOP-0NJMRIR" name="com.automation.testData.Example5" tests="1" failures="0" timestamp="22 Jul 2018 17:42:51 GMT" time="0.096" errors="0">
  <testcase name="readTestDataFromFlatFile" time="0.096" classname="com.automation.testData.Example5"/>
</testsuite> <!-- com.automation.testData.Example5 -->
