<?xml version="1.0" encoding="UTF-8"?>
<!-- Generated by org.testng.reporters.JUnitReportReporter -->
<testsuite hostname="DESKTOP-0NJMRIR" name="com.automation.selenium.mouseActions.Example1" tests="1" failures="0" timestamp="15 Jul 2018 10:38:55 GMT" time="19.947" errors="0">
  <testcase name="clickMethod" time="19.947" classname="com.automation.selenium.mouseActions.Example1"/>
</testsuite> <!-- com.automation.selenium.mouseActions.Example1 -->
